Desktop is 1920 x 1080 @ 60 Hz
New context 0x8587830 created with attributes:
Initialize engine version: 2017.4.22f1 (eb4bc6fa7f1d)
GfxDevice: creating device client; threaded=1
Renderer: Mesa Intel(R) UHD Graphics 620 (KBL GT2)
Vendor:   Intel
Version:  4.6 (Core Profile) Mesa 24.1.3-arch1.1
GLES:     0
 GL_3DFX_texture_compression_FXT1 GL_AMD_conservative_depth GL_AMD_depth_clamp_separate GL_AMD_draw_buffers_blend GL_AMD_gpu_shader_int64 GL_AMD_multi_draw_indirect GL_AMD_performance_monitor GL_AMD_pinned_memory GL_AMD_query_buffer_object GL_AMD_seamless_cubemap_per_texture GL_AMD_shader_stencil_export GL_AMD_shader_trinary_minmax GL_AMD_texture_texture4 GL_AMD_vertex_shader_layer GL_AMD_vertex_shader_viewport_index GL_ANGLE_texture_compression_dxt3 GL_ANGLE_texture_compression_dxt5 GL_ARB_ES2_compatibility GL_ARB_ES3_1_compatibility GL_ARB_ES3_2_compatibility GL_ARB_ES3_compatibility GL_ARB_arrays_of_arrays GL_ARB_base_instance GL_ARB_blend_func_extended GL_ARB_buffer_storage GL_ARB_clear_buffer_object GL_ARB_clear_texture GL_ARB_clip_control GL_ARB_compressed_texture_pixel_storage GL_ARB_compute_shader GL_ARB_compute_variable_group_size GL_ARB_conditional_render_inverted GL_ARB_conservative_depth GL_ARB_copy_buffer GL_ARB_copy_image GL_ARB_cull_distance GL_ARB_debug_output GL_ARB_depth_buffer_float GL_ARB
_depth_clamp GL_ARB_derivative_control GL_ARB_direct_state_access GL_ARB_draw_buffers GL_ARB_draw_buffers_blend GL_ARB_draw_elements_base_vertex GL_ARB_draw_indirect GL_ARB_draw_instanced GL_ARB_enhanced_layouts GL_ARB_explicit_attrib_location GL_ARB_explicit_uniform_location GL_ARB_fragment_coord_conventions GL_ARB_fragment_layer_viewport GL_ARB_fragment_shader GL_ARB_fragment_shader_interlock GL_ARB_framebuffer_no_attachments GL_ARB_framebuffer_object GL_ARB_framebuffer_sRGB GL_ARB_get_program_binary GL_ARB_get_texture_sub_image GL_ARB_gl_spirv GL_ARB_gpu_shader5 GL_ARB_gpu_shader_fp64 GL_ARB_gpu_shader_int64 GL_ARB_half_float_pixel GL_ARB_half_float_vertex GL_ARB_indirect_parameters GL_ARB_instanced_arrays GL_ARB_internalformat_query GL_ARB_internalformat_query2 GL_ARB_invalidate_subdata GL_ARB_map_buffer_alignment GL_ARB_map_buffer_range GL_ARB_multi_bind GL_ARB_multi_draw_indirect GL_ARB_occlusion_query2 GL_ARB_parallel_shader_compile GL_ARB_pipeline_statistics_query GL_ARB_pixel_buffer_object GL_ARB_po
int_sprite GL_ARB_polygon_offset_clamp GL_ARB_post_depth_coverage GL_ARB_program_interface_query GL_ARB_provoking_vertex GL_ARB_query_buffer_object GL_ARB_robust_buffer_access_behavior GL_ARB_robustness GL_ARB_sample_shading GL_ARB_sampler_objects GL_ARB_seamless_cube_map GL_ARB_seamless_cubemap_per_texture GL_ARB_separate_shader_objects GL_ARB_shader_atomic_counter_ops GL_ARB_shader_atomic_counters GL_ARB_shader_ballot GL_ARB_shader_bit_encoding GL_ARB_shader_clock GL_ARB_shader_draw_parameters GL_ARB_shader_group_vote GL_ARB_shader_image_load_store GL_ARB_shader_image_size GL_ARB_shader_objects GL_ARB_shader_precision GL_ARB_shader_stencil_export GL_ARB_shader_storage_buffer_object GL_ARB_shader_subroutine GL_ARB_shader_texture_image_samples GL_ARB_shader_texture_lod GL_ARB_shader_viewport_layer_array GL_ARB_shading_language_420pack GL_ARB_shading_language_include GL_ARB_shading_language_packing GL_ARB_spirv_extensions GL_ARB_stencil_texturing GL_ARB_sync GL_ARB_tessellation_shader GL_ARB_texture_barrier G
L_ARB_texture_border_clamp GL_ARB_texture_buffer_object GL_ARB_texture_buffer_object_rgb32 GL_ARB_texture_buffer_range GL_ARB_texture_compression_bptc GL_ARB_texture_compression_rgtc GL_ARB_texture_cube_map_array GL_ARB_texture_filter_anisotropic GL_ARB_texture_float GL_ARB_texture_gather GL_ARB_texture_mirror_clamp_to_edge GL_ARB_texture_multisample GL_ARB_texture_non_power_of_two GL_ARB_texture_query_levels GL_ARB_texture_query_lod GL_ARB_texture_rectangle GL_ARB_texture_rg GL_ARB_texture_rgb10_a2ui GL_ARB_texture_stencil8 GL_ARB_texture_storage GL_ARB_texture_storage_multisample GL_ARB_texture_swizzle GL_ARB_texture_view GL_ARB_timer_query GL_ARB_transform_feedback2 GL_ARB_transform_feedback3 GL_ARB_transform_feedback_instanced GL_ARB_transform_feedback_overflow_query GL_ARB_uniform_buffer_object GL_ARB_vertex_array_bgra GL_ARB_vertex_array_object GL_ARB_vertex_attrib_64bit GL_ARB_vertex_attrib_binding GL_ARB_vertex_buffer_object GL_ARB_vertex_shader GL_ARB_vertex_type_10f_11f_11f_rev GL_ARB_vertex_type_2
_10_10_10_rev GL_ARB_viewport_array GL_ATI_blend_equation_separate GL_ATI_texture_float GL_EXT_EGL_image_storage GL_EXT_EGL_sync GL_EXT_abgr GL_EXT_blend_equation_separate GL_EXT_debug_label GL_EXT_demote_to_helper_invocation GL_EXT_draw_buffers2 GL_EXT_draw_instanced GL_EXT_framebuffer_blit GL_EXT_framebuffer_multisample GL_EXT_framebuffer_multisample_blit_scaled GL_EXT_framebuffer_object GL_EXT_framebuffer_sRGB GL_EXT_memory_object GL_EXT_memory_object_fd GL_EXT_packed_depth_stencil GL_EXT_packed_float GL_EXT_pixel_buffer_object GL_EXT_polygon_offset_clamp GL_EXT_provoking_vertex GL_EXT_semaphore GL_EXT_semaphore_fd GL_EXT_shader_framebuffer_fetch GL_EXT_shader_framebuffer_fetch_non_coherent GL_EXT_shader_integer_mix GL_EXT_shader_samples_identical GL_EXT_texture_array GL_EXT_texture_compression_dxt1 GL_EXT_texture_compression_rgtc GL_EXT_texture_compression_s3tc GL_EXT_texture_filter_anisotropic GL_EXT_texture_integer GL_EXT_texture_sRGB GL_EXT_texture_sRGB_R8 GL_EXT_texture_sRGB_decode GL_EXT_texture_sha
dow_lod GL_EXT_texture_shared_exponent GL_EXT_texture_snorm GL_EXT_texture_storage GL_EXT_texture_swizzle GL_EXT_timer_query GL_EXT_transform_feedback GL_EXT_vertex_array_bgra GL_EXT_vertex_attrib_64bit GL_IBM_multimode_draw_arrays GL_INTEL_blackhole_render GL_INTEL_conservative_rasterization GL_INTEL_performance_query GL_INTEL_shader_atomic_float_minmax GL_INTEL_shader_integer_functions2 GL_KHR_blend_equation_advanced GL_KHR_blend_equation_advanced_coherent GL_KHR_context_flush_control GL_KHR_debug GL_KHR_no_error GL_KHR_parallel_shader_compile GL_KHR_robust_buffer_access_behavior GL_KHR_robustness GL_KHR_texture_compression_astc_ldr GL_KHR_texture_compression_astc_sliced_3d GL_MESA_framebuffer_flip_y GL_MESA_pack_invert GL_MESA_shader_integer_functions GL_MESA_texture_const_bandwidth GL_MESA_texture_signed_rgba GL_NV_alpha_to_coverage_dither_control GL_NV_compute_shader_derivatives GL_NV_conditional_render GL_NV_copy_image GL_NV_depth_clamp GL_NV_fragment_shader_interlock GL_NV_packed_depth_stencil GL_NV_t
exture_barrier GL_OES_EGL_image GL_S3_s3tc
OPENGL LOG: Creating OpenGL 4.6 graphics device ; Context level  <OpenGL 4.5> ; Context handle 140015664
AudioManager: Using PulseAudio: Default Output Device
Begin MonoManager ReloadAssembly
- Completed reload, in  0.046 seconds
OnLevelWasLoaded was found on LeanTween
This message has been deprecated and will be removed in a later version of Unity.
Add a delegate to SceneManager.sceneLoaded instead to get notifications after scene loading has completed
 
(Filename:  Line: 375)

0:2(12): error: extension `GL_OES_EGL_image_external' unsupported in vertex shader

0:2(12): error: extension `GL_OES_EGL_image_external' unsupported in fragment shader

Note: Creation of internal variant of shader 'Hidden/VideoDecodeAndroid' failed.
0:2(12): error: extension `GL_OES_EGL_image_external' unsupported in vertex shader

0:2(12): error: extension `GL_OES_EGL_image_external' unsupported in fragment shader

Note: Creation of internal variant of shader 'Hidden/VideoDecodeAndroid' failed.
0:2(12): error: extension `GL_OES_EGL_image_external' unsupported in vertex shader

0:2(12): error: extension `GL_OES_EGL_image_external' unsupported in fragment shader

Note: Creation of internal variant of shader 'Hidden/VideoDecodeAndroid' failed.
0:2(12): error: extension `GL_OES_EGL_image_external' unsupported in vertex shader

0:2(12): error: extension `GL_OES_EGL_image_external' unsupported in fragment shader

Note: Creation of internal variant of shader 'Hidden/VideoDecodeAndroid' failed.
WARNING: Shader Unsupported: 'Hidden/VideoDecodeAndroid' - Pass 'RGBAEXTERNAL_TO_RGBA' has no vertex shader
WARNING: Shader Unsupported: 'Hidden/VideoDecodeAndroid' - Setting to default shader.
New context 0x8f846e0 created with attributes:
Default vsync count 0
requesting resize 1920 x 1080
Using native desktop resolution 1920 x 1080
requesting fullscreen 1920 x 1080 at 0 Hz
Desktop is 1920 x 1080 @ 60 Hz
UnloadTime: 1.206000 ms
Resolution requested: 1920x1080
 
(Filename: /home/builduser/buildslave/unity/build/artifacts/generated/common/runtime/DebugBindings.gen.cpp Line: 51)

Configuring logging from embedded logConfig asset.
[Logging] Logging successfully configured from embedded logConfig asset.

[Logging] Logging start.

[FileUtilityHelper] Attempting to load "/home/elvis/.config/unity3d/Steel Crate Games/Keep Talking and Nobody Explodes/playerSettings.xml"...

[FileUtilityHelper] Successfully loaded "/home/elvis/.config/unity3d/Steel Crate Games/Keep Talking and Nobody Explodes/playerSettings.xml".

[PlayerSettingsManager] PlayerSettings: InvertTiltControls: False, TouchpadInvert: False, RumbleEnabled: True, MusicVolume: 100, SFXVolume: 100, AntiAliasing: 4, VRModeRequested: True, SecondScreenMode: InteractiveManual, VSync: 1, AccessibilitySettings: UnlockAllMissions: false, Vetos: Empty, Empty, Empty, DisabledControlTypes: None LanguageCode: nb

[ProgressionManager] Loading progression data...

[FileUtilityHelper] Attempting to load "/home/elvis/.config/unity3d/Steel Crate Games/Keep Talking and Nobody Explodes/progression.xml"...

[FileUtilityHelper] Successfully loaded "/home/elvis/.config/unity3d/Steel Crate Games/Keep Talking and Nobody Explodes/progression.xml".

[ProgressionManager] Progression summary:

[ProgressionManager] Last Unlocked Bomb Classification: 2-nb

[ProgressionManager] MissionID: gameoverviewtutorial Beaten: True

[ProgressionManager] MissionID: controlstutorial Beaten: True

[ProgressionManager] MissionID: firsttime Beaten: True

[ProgressionManager] Disarmed component: Keypad

[ProgressionManager] Disarmed component: Wires

[ProgressionManager] Disarmed component: BigButton

[LoadingManager] Checking for language preference...

[LoadingManager] LanguageCode player setting is: "nb"

I2Loc: SavedLanguage is "Norwegian". System language is "English"
I2Loc: Setting language to Norwegian (nb)
Unloading 5 Unused Serialized files (Serialized files now loaded: 0)

Unloading 3 unused Assets to reduce memory usage. Loaded Objects now: 2454.
Total: 2.908000 ms (FindLiveObjects: 0.265000 ms CreateObjectMapping: 0.094000 ms MarkObjects: 2.533000 ms  DeleteObjects: 0.016000 ms)

Initializing platform...
[PlayerSettingsManager] Saving player settings.

[FileUtilityHelper] Attempting to save "/home/elvis/.config/unity3d/Steel Crate Games/Keep Talking and Nobody Explodes/playerSettings.xml"...

[FileUtilityHelper] Successfully saved "/home/elvis/.config/unity3d/Steel Crate Games/Keep Talking and Nobody Explodes/playerSettings.xml".

[LinuxPlatformUtil] Instantiating FixedCameraRig.

[AbstractPlatformUtil] RenderScale: 0 Resolution: 0x0

[Localization] OnBeforeLocalizeEvent!

[Localization] OnLocalizeEvent!

[KTInputManager] Requested setting control type to: Gaze

[KTInputManager] Control type not supported. Not changing control type.

[KTInputManager] creating haptic

requesting resize 1920 x 1080
Using native desktop resolution 1920 x 1080
requesting fullscreen 1920 x 1080 at 60 Hz
Desktop is 1920 x 1080 @ 60 Hz
[Rules] Loading all manual meta data...

[Rules] Found valid manual metadata: LanguageCode: ar, ManualVersion: 3-ar, LockCode: 463, Seed: 1, Revision: 1

[Rules] Found valid manual metadata: LanguageCode: cs, ManualVersion: 2-cs, LockCode: 058, Seed: 1, Revision: 1

[Rules] Found valid manual metadata: LanguageCode: da, ManualVersion: 1-da, LockCode: 354, Seed: 1, Revision: 1

[Rules] Found valid manual metadata: LanguageCode: de, ManualVersion: 1-de, LockCode: 558, Seed: 1, Revision: 1

[Rules] Found valid manual metadata: LanguageCode: en, ManualVersion: 1, LockCode: 241, Seed: 1, Revision: 4

[Rules] Found valid manual metadata: LanguageCode: eo, ManualVersion: 2-eo, LockCode: 547, Seed: 1, Revision: 1

[Rules] Found valid manual metadata: LanguageCode: es, ManualVersion: 1-es, LockCode: 925, Seed: 1, Revision: 1

[Rules] Found valid manual metadata: LanguageCode: fi, ManualVersion: 1-fi, LockCode: 873, Seed: 1, Revision: 1

[Rules] Found valid manual metadata: LanguageCode: fr, ManualVersion: 1-fr, LockCode: 750, Seed: 1, Revision: 1

[Rules] Found valid manual metadata: LanguageCode: he, ManualVersion: 2-he, LockCode: 614, Seed: 1, Revision: 1

[Rules] Found valid manual metadata: LanguageCode: hu, ManualVersion: 2-hu, LockCode: 517, Seed: 1, Revision: 1

[Rules] Found valid manual metadata: LanguageCode: ko, ManualVersion: 1-ko, LockCode: 964, Seed: 1, Revision: 1

[Rules] Found valid manual metadata: LanguageCode: it, ManualVersion: 1-it, LockCode: 345, Seed: 1, Revision: 1

[Rules] Found valid manual metadata: LanguageCode: ja, ManualVersion: 1-ja, LockCode: 122, Seed: 1, Revision: 1

[Rules] Found valid manual metadata: LanguageCode: nb, ManualVersion: 2-nb, LockCode: 477, Seed: 1, Revision: 1

[Rules] Found valid manual metadata: LanguageCode: nl, ManualVersion: 2-nl, LockCode: 474, Seed: 1, Revision: 1

[Rules] Found valid manual metadata: LanguageCode: pl, ManualVersion: 2-pl, LockCode: 856, Seed: 1, Revision: 1

[Rules] Found valid manual metadata: LanguageCode: pt-BR, ManualVersion: 2-pt-BR, LockCode: 622, Seed: 1, Revision: 1

[Rules] Found valid manual metadata: LanguageCode: pt-PT, ManualVersion: 3-pt-PT, LockCode: 806, Seed: 1, Revision: 1

[Rules] Found valid manual metadata: LanguageCode: ro, ManualVersion: 1-ro, LockCode: 626, Seed: 1, Revision: 1

[Rules] Found valid manual metadata: LanguageCode: ru, ManualVersion: 2-ru, LockCode: 317, Seed: 1, Revision: 1

[Rules] Found valid manual metadata: LanguageCode: sv, ManualVersion: 1-sv, LockCode: 453, Seed: 1, Revision: 1

[Rules] Found valid manual metadata: LanguageCode: th, ManualVersion: 1-th, LockCode: 248, Seed: 1, Revision: 1

[Rules] Found valid manual metadata: LanguageCode: tr, ManualVersion: 1-tr, LockCode: 993, Seed: 1, Revision: 1

[Rules] Found valid manual metadata: LanguageCode: uk, ManualVersion: 1-uk, LockCode: 775, Seed: 1, Revision: 1

[Rules] Found valid manual metadata: LanguageCode: zh-CN, ManualVersion: 1-zh-CN, LockCode: 931, Seed: 1, Revision: 1

[Rules] Found valid manual metadata: LanguageCode: zh-TW, ManualVersion: 1-zh-TW, LockCode: 917, Seed: 1, Revision: 1

[Rules] 27 valid manual meta data loaded.

[Rules] Generating rules for language code "nb"

[Rules] Generating BombRules...

[MorseCodeRuleSetGenerator] 39 characters added: abcdefghijklmnopqrstuvwxyzæøå0123456789

[BombRules] BombRules: LanguageCode: nb, ManualVersion: 2-nb, LockCode: 477, Seed: 1, Revision: 1

[BombRules] WireSet Rules:
3 wires:
If there are no red wires, cut the second wire.
Otherwise, if the last wire is white, cut the last wire.
Otherwise, if there is more than one blue wire, cut the last blue wire.
Otherwise, cut the last wire.

4 wires:
If there is more than one red wire and the last digit of the serial number is odd, cut the last red wire.
Otherwise, if the last wire is yellow and there are no red wires, cut the first wire.
Otherwise, if there is exactly one blue wire, cut the first wire.
Otherwise, if there is more than one yellow wire, cut the last wire.
Otherwise, cut the second wire.

5 wires:
If the last wire is black and the last digit of the serial number is odd, cut the fourth wire.
Otherwise, if there is exactly one red wire and there is more than one yellow wire, cut the first wire.
Otherwise, if there are no black wires, cut the second wire.
Otherwise, cut the first wire.

6 wires:
If there are no yellow wires and the last digit of the serial number is odd, cut the third wire.
Otherwise, if there is exactly one yellow wire and there is more than one white wire, cut the fourth wire.
Otherwise, if there are no red wires, cut the last wire.
Otherwise, cut the fourth wire.



[BombRules] Button Rules:
Initial rules
If the button is blue and the button says "Abort", hold the button and refer to "Releasing a Held Button".
If there is more than 1 battery on the bomb and the button says "Detonate", press and immediately release the button.
If the button is white and there is a lit indicator with label CAR, hold the button and refer to "Releasing a Held Button".
If there are more than 2 batteries on the bomb and there is a lit indicator with label FRK, press and immediately release the button.
If the button is yellow, hold the button and refer to "Releasing a Held Button".
If the button is red and the button says "Hold", press and immediately release the button.
If none of the above apply, hold the button and refer to "Releasing a Held Button".

On Hold Rules
If Blue strip:, release when the countdown timer has a 4 in any position..
If White strip:, release when the countdown timer has a 1 in any position..
If Yellow strip:, release when the countdown timer has a 5 in any position..
If Any other color strip:, release when the countdown timer has a 1 in any position..


[BombRules] Keypad Rules:
Ϙ,Ѧ,ƛ,Ϟ,Ѭ,ϗ,Ͽ
Ӭ,Ϙ,Ͽ,Ҩ,☆,ϗ,¿
©,Ѽ,Ҩ,Җ,Ԇ,ƛ,☆
Ϭ,¶,ѣ,Ѭ,Җ,¿,ټ
Ψ,ټ,ѣ,Ͼ,¶,ѯ,★
Ϭ,Ӭ,҂,ӕ,Ψ,Ҋ,Ω


[BombRules] Simon Rules:
HASVOWEL:
0 Strikes: Blue, Red, Yellow, Green, 
1 Strikes: Yellow, Green, Blue, Red, 
2 Strikes: Green, Red, Yellow, Blue, 
OTHERWISE:
0 Strikes: Blue, Yellow, Green, Red, 
1 Strikes: Red, Blue, Yellow, Green, 
2 Strikes: Yellow, Green, Blue, Red, 


[BombRules] Who's On First Rules:
Display Word "Look At" Index:
WhosOnFirst/rule_DISPLAY1 ("JA"): 2, WhosOnFirst/rule_DISPLAY2 ("FØRST"): 1, WhosOnFirst/rule_DISPLAY3 ("SKJERMEN"): 5, WhosOnFirst/rule_DISPLAY4 ("OKAY"): 1, WhosOnFirst/rule_DISPLAY5 ("STÅR"): 5, WhosOnFirst/rule_DISPLAY6 ("INGENTING"): 2, WhosOnFirst/rule_DISPLAY7 (""): 4, WhosOnFirst/rule_DISPLAY8 ("BLANK"): 3, WhosOnFirst/rule_DISPLAY9 ("NEI"): 5, WhosOnFirst/rule_DISPLAY10 ("ØVERST"): 2, WhosOnFirst/rule_DISPLAY11 ("HER"): 5, WhosOnFirst/rule_DISPLAY12 ("HAR"): 3, WhosOnFirst/rule_DISPLAY13 ("VENT"): 3, WhosOnFirst/rule_DISPLAY14 ("SÅ"): 4, WhosOnFirst/rule_DISPLAY15 ("NÅ"): 4, WhosOnFirst/rule_DISPLAY16 ("HARD"): 5, WhosOnFirst/rule_DISPLAY17 ("KLART"): 3, WhosOnFirst/rule_DISPLAY18 ("SNART"): 5, WhosOnFirst/rule_DISPLAY19 ("FORT"): 3, WhosOnFirst/rule_DISPLAY20 ("STOPP"): 3, WhosOnFirst/rule_DISPLAY21 ("OPP"): 0, WhosOnFirst/rule_DISPLAY22 ("ER"): 5, WhosOnFirst/rule_DISPLAY23 ("DER"): 4, WhosOnFirst/rule_DISPLAY24 ("DET"): 3, WhosOnFirst/rule_DISPLAY25 ("D"): 2, WhosOnFirst/rule_DISPLAY26 ("SE"): 5, WhosOnFirst/rule_DISPLAY27 ("C"): 1, WhosOnFirst/rule_DISPLAY28 ("OK"): 5, 

Precedent Map:
WhosOnFirst/rule_KEYPAD_group1_1 ("KLAR"): WhosOnFirst/rule_KEYPAD_group1_6 ("DET"), WhosOnFirst/rule_KEYPAD_group1_12 ("VELG"), WhosOnFirst/rule_KEYPAD_group1_7 ("ÅH"), WhosOnFirst/rule_KEYPAD_group1_11 ("MIDTEN"), WhosOnFirst/rule_KEYPAD_group1_9 ("AHA"), WhosOnFirst/rule_KEYPAD_group1_14 ("GJENTA"), WhosOnFirst/rule_KEYPAD_group1_10 ("HØYRE"), WhosOnFirst/rule_KEYPAD_group1_4 ("BLANK"), WhosOnFirst/rule_KEYPAD_group1_1 ("KLAR"), WhosOnFirst/rule_KEYPAD_group1_3 ("D"), WhosOnFirst/rule_KEYPAD_group1_2 ("FØRST"), WhosOnFirst/rule_KEYPAD_group1_8 ("NESTE"), WhosOnFirst/rule_KEYPAD_group1_5 ("INGENTING"), WhosOnFirst/rule_KEYPAD_group1_13 ("VENT")
WhosOnFirst/rule_KEYPAD_group1_2 ("FØRST"): WhosOnFirst/rule_KEYPAD_group1_9 ("AHA"), WhosOnFirst/rule_KEYPAD_group1_12 ("VELG"), WhosOnFirst/rule_KEYPAD_group1_6 ("DET"), WhosOnFirst/rule_KEYPAD_group1_11 ("MIDTEN"), WhosOnFirst/rule_KEYPAD_group1_3 ("D"), WhosOnFirst/rule_KEYPAD_group1_10 ("HØYRE"), WhosOnFirst/rule_KEYPAD_group1_5 ("INGENTING"), WhosOnFirst/rule_KEYPAD_group1_8 ("NESTE"), WhosOnFirst/rule_KEYPAD_group1_13 ("VENT"), WhosOnFirst/rule_KEYPAD_group1_1 ("KLAR"), WhosOnFirst/rule_KEYPAD_group1_4 ("BLANK"), WhosOnFirst/rule_KEYPAD_group1_7 ("ÅH"), WhosOnFirst/rule_KEYPAD_group1_14 ("GJENTA"), WhosOnFirst/rule_KEYPAD_group1_2 ("FØRST")
WhosOnFirst/rule_KEYPAD_group1_3 ("D"): WhosOnFirst/rule_KEYPAD_group1_4 ("BLANK"), WhosOnFirst/rule_KEYPAD_group1_8 ("NESTE"), WhosOnFirst/rule_KEYPAD_group1_13 ("VENT"), WhosOnFirst/rule_KEYPAD_group1_2 ("FØRST"), WhosOnFirst/rule_KEYPAD_group1_7 ("ÅH"), WhosOnFirst/rule_KEYPAD_group1_1 ("KLAR"), WhosOnFirst/rule_KEYPAD_group1_10 ("HØYRE"), WhosOnFirst/rule_KEYPAD_group1_6 ("DET"), WhosOnFirst/rule_KEYPAD_group1_5 ("INGENTING"), WhosOnFirst/rule_KEYPAD_group1_9 ("AHA"), WhosOnFirst/rule_KEYPAD_group1_14 ("GJENTA"), WhosOnFirst/rule_KEYPAD_group1_12 ("VELG"), WhosOnFirst/rule_KEYPAD_group1_3 ("D"), WhosOnFirst/rule_KEYPAD_group1_11 ("MIDTEN")
WhosOnFirst/rule_KEYPAD_group1_4 ("BLANK"): WhosOnFirst/rule_KEYPAD_group1_13 ("VENT"), WhosOnFirst/rule_KEYPAD_group1_10 ("HØYRE"), WhosOnFirst/rule_KEYPAD_group1_12 ("VELG"), WhosOnFirst/rule_KEYPAD_group1_11 ("MIDTEN"), WhosOnFirst/rule_KEYPAD_group1_4 ("BLANK"), WhosOnFirst/rule_KEYPAD_group1_14 ("GJENTA"), WhosOnFirst/rule_KEYPAD_group1_1 ("KLAR"), WhosOnFirst/rule_KEYPAD_group1_5 ("INGENTING"), WhosOnFirst/rule_KEYPAD_group1_3 ("D"), WhosOnFirst/rule_KEYPAD_group1_7 ("ÅH"), WhosOnFirst/rule_KEYPAD_group1_9 ("AHA"), WhosOnFirst/rule_KEYPAD_group1_8 ("NESTE"), WhosOnFirst/rule_KEYPAD_group1_6 ("DET"), WhosOnFirst/rule_KEYPAD_group1_2 ("FØRST")
WhosOnFirst/rule_KEYPAD_group1_5 ("INGENTING"): WhosOnFirst/rule_KEYPAD_group1_8 ("NESTE"), WhosOnFirst/rule_KEYPAD_group1_10 ("HØYRE"), WhosOnFirst/rule_KEYPAD_group1_12 ("VELG"), WhosOnFirst/rule_KEYPAD_group1_11 ("MIDTEN"), WhosOnFirst/rule_KEYPAD_group1_6 ("DET"), WhosOnFirst/rule_KEYPAD_group1_4 ("BLANK"), WhosOnFirst/rule_KEYPAD_group1_3 ("D"), WhosOnFirst/rule_KEYPAD_group1_14 ("GJENTA"), WhosOnFirst/rule_KEYPAD_group1_9 ("AHA"), WhosOnFirst/rule_KEYPAD_group1_7 ("ÅH"), WhosOnFirst/rule_KEYPAD_group1_13 ("VENT"), WhosOnFirst/rule_KEYPAD_group1_2 ("FØRST"), WhosOnFirst/rule_KEYPAD_group1_5 ("INGENTING"), WhosOnFirst/rule_KEYPAD_group1_1 ("KLAR")
WhosOnFirst/rule_KEYPAD_group1_6 ("DET"): WhosOnFirst/rule_KEYPAD_group1_12 ("VELG"), WhosOnFirst/rule_KEYPAD_group1_10 ("HØYRE"), WhosOnFirst/rule_KEYPAD_group1_8 ("NESTE"), WhosOnFirst/rule_KEYPAD_group1_11 ("MIDTEN"), WhosOnFirst/rule_KEYPAD_group1_2 ("FØRST"), WhosOnFirst/rule_KEYPAD_group1_7 ("ÅH"), WhosOnFirst/rule_KEYPAD_group1_14 ("GJENTA"), WhosOnFirst/rule_KEYPAD_group1_1 ("KLAR"), WhosOnFirst/rule_KEYPAD_group1_5 ("INGENTING"), WhosOnFirst/rule_KEYPAD_group1_6 ("DET"), WhosOnFirst/rule_KEYPAD_group1_9 ("AHA"), WhosOnFirst/rule_KEYPAD_group1_4 ("BLANK"), WhosOnFirst/rule_KEYPAD_group1_3 ("D"), WhosOnFirst/rule_KEYPAD_group1_13 ("VENT")
WhosOnFirst/rule_KEYPAD_group1_7 ("ÅH"): WhosOnFirst/rule_KEYPAD_group1_8 ("NESTE"), WhosOnFirst/rule_KEYPAD_group1_7 ("ÅH"), WhosOnFirst/rule_KEYPAD_group1_9 ("AHA"), WhosOnFirst/rule_KEYPAD_group1_5 ("INGENTING"), WhosOnFirst/rule_KEYPAD_group1_1 ("KLAR"), WhosOnFirst/rule_KEYPAD_group1_4 ("BLANK"), WhosOnFirst/rule_KEYPAD_group1_11 ("MIDTEN"), WhosOnFirst/rule_KEYPAD_group1_3 ("D"), WhosOnFirst/rule_KEYPAD_group1_12 ("VELG"), WhosOnFirst/rule_KEYPAD_group1_2 ("FØRST"), WhosOnFirst/rule_KEYPAD_group1_13 ("VENT"), WhosOnFirst/rule_KEYPAD_group1_6 ("DET"), WhosOnFirst/rule_KEYPAD_group1_14 ("GJENTA"), WhosOnFirst/rule_KEYPAD_group1_10 ("HØYRE")
WhosOnFirst/rule_KEYPAD_group1_8 ("NESTE"): WhosOnFirst/rule_KEYPAD_group1_1 ("KLAR"), WhosOnFirst/rule_KEYPAD_group1_5 ("INGENTING"), WhosOnFirst/rule_KEYPAD_group1_9 ("AHA"), WhosOnFirst/rule_KEYPAD_group1_7 ("ÅH"), WhosOnFirst/rule_KEYPAD_group1_12 ("VELG"), WhosOnFirst/rule_KEYPAD_group1_6 ("DET"), WhosOnFirst/rule_KEYPAD_group1_10 ("HØYRE"), WhosOnFirst/rule_KEYPAD_group1_3 ("D"), WhosOnFirst/rule_KEYPAD_group1_14 ("GJENTA"), WhosOnFirst/rule_KEYPAD_group1_4 ("BLANK"), WhosOnFirst/rule_KEYPAD_group1_8 ("NESTE"), WhosOnFirst/rule_KEYPAD_group1_11 ("MIDTEN"), WhosOnFirst/rule_KEYPAD_group1_13 ("VENT"), WhosOnFirst/rule_KEYPAD_group1_2 ("FØRST")
WhosOnFirst/rule_KEYPAD_group1_9 ("AHA"): WhosOnFirst/rule_KEYPAD_group1_10 ("HØYRE"), WhosOnFirst/rule_KEYPAD_group1_9 ("AHA"), WhosOnFirst/rule_KEYPAD_group1_2 ("FØRST"), WhosOnFirst/rule_KEYPAD_group1_3 ("D"), WhosOnFirst/rule_KEYPAD_group1_11 ("MIDTEN"), WhosOnFirst/rule_KEYPAD_group1_6 ("DET"), WhosOnFirst/rule_KEYPAD_group1_4 ("BLANK"), WhosOnFirst/rule_KEYPAD_group1_7 ("ÅH"), WhosOnFirst/rule_KEYPAD_group1_8 ("NESTE"), WhosOnFirst/rule_KEYPAD_group1_13 ("VENT"), WhosOnFirst/rule_KEYPAD_group1_14 ("GJENTA"), WhosOnFirst/rule_KEYPAD_group1_1 ("KLAR"), WhosOnFirst/rule_KEYPAD_group1_12 ("VELG"), WhosOnFirst/rule_KEYPAD_group1_5 ("INGENTING")
WhosOnFirst/rule_KEYPAD_group1_10 ("HØYRE"): WhosOnFirst/rule_KEYPAD_group1_6 ("DET"), WhosOnFirst/rule_KEYPAD_group1_5 ("INGENTING"), WhosOnFirst/rule_KEYPAD_group1_1 ("KLAR"), WhosOnFirst/rule_KEYPAD_group1_14 ("GJENTA"), WhosOnFirst/rule_KEYPAD_group1_3 ("D"), WhosOnFirst/rule_KEYPAD_group1_13 ("VENT"), WhosOnFirst/rule_KEYPAD_group1_7 ("ÅH"), WhosOnFirst/rule_KEYPAD_group1_10 ("HØYRE"), WhosOnFirst/rule_KEYPAD_group1_11 ("MIDTEN"), WhosOnFirst/rule_KEYPAD_group1_9 ("AHA"), WhosOnFirst/rule_KEYPAD_group1_8 ("NESTE"), WhosOnFirst/rule_KEYPAD_group1_4 ("BLANK"), WhosOnFirst/rule_KEYPAD_group1_12 ("VELG"), WhosOnFirst/rule_KEYPAD_group1_2 ("FØRST")
WhosOnFirst/rule_KEYPAD_group1_11 ("MIDTEN"): WhosOnFirst/rule_KEYPAD_group1_4 ("BLANK"), WhosOnFirst/rule_KEYPAD_group1_1 ("KLAR"), WhosOnFirst/rule_KEYPAD_group1_12 ("VELG"), WhosOnFirst/rule_KEYPAD_group1_7 ("ÅH"), WhosOnFirst/rule_KEYPAD_group1_5 ("INGENTING"), WhosOnFirst/rule_KEYPAD_group1_14 ("GJENTA"), WhosOnFirst/rule_KEYPAD_group1_3 ("D"), WhosOnFirst/rule_KEYPAD_group1_13 ("VENT"), WhosOnFirst/rule_KEYPAD_group1_9 ("AHA"), WhosOnFirst/rule_KEYPAD_group1_11 ("MIDTEN"), WhosOnFirst/rule_KEYPAD_group1_10 ("HØYRE"), WhosOnFirst/rule_KEYPAD_group1_2 ("FØRST"), WhosOnFirst/rule_KEYPAD_group1_8 ("NESTE"), WhosOnFirst/rule_KEYPAD_group1_6 ("DET")
WhosOnFirst/rule_KEYPAD_group1_12 ("VELG"): WhosOnFirst/rule_KEYPAD_group1_11 ("MIDTEN"), WhosOnFirst/rule_KEYPAD_group1_3 ("D"), WhosOnFirst/rule_KEYPAD_group1_2 ("FØRST"), WhosOnFirst/rule_KEYPAD_group1_6 ("DET"), WhosOnFirst/rule_KEYPAD_group1_8 ("NESTE"), WhosOnFirst/rule_KEYPAD_group1_5 ("INGENTING"), WhosOnFirst/rule_KEYPAD_group1_13 ("VENT"), WhosOnFirst/rule_KEYPAD_group1_12 ("VELG"), WhosOnFirst/rule_KEYPAD_group1_9 ("AHA"), WhosOnFirst/rule_KEYPAD_group1_1 ("KLAR"), WhosOnFirst/rule_KEYPAD_group1_4 ("BLANK"), WhosOnFirst/rule_KEYPAD_group1_14 ("GJENTA"), WhosOnFirst/rule_KEYPAD_group1_7 ("ÅH"), WhosOnFirst/rule_KEYPAD_group1_10 ("HØYRE")
WhosOnFirst/rule_KEYPAD_group1_13 ("VENT"): WhosOnFirst/rule_KEYPAD_group1_8 ("NESTE"), WhosOnFirst/rule_KEYPAD_group1_3 ("D"), WhosOnFirst/rule_KEYPAD_group1_4 ("BLANK"), WhosOnFirst/rule_KEYPAD_group1_12 ("VELG"), WhosOnFirst/rule_KEYPAD_group1_6 ("DET"), WhosOnFirst/rule_KEYPAD_group1_9 ("AHA"), WhosOnFirst/rule_KEYPAD_group1_2 ("FØRST"), WhosOnFirst/rule_KEYPAD_group1_14 ("GJENTA"), WhosOnFirst/rule_KEYPAD_group1_7 ("ÅH"), WhosOnFirst/rule_KEYPAD_group1_13 ("VENT"), WhosOnFirst/rule_KEYPAD_group1_5 ("INGENTING"), WhosOnFirst/rule_KEYPAD_group1_1 ("KLAR"), WhosOnFirst/rule_KEYPAD_group1_10 ("HØYRE"), WhosOnFirst/rule_KEYPAD_group1_11 ("MIDTEN")
WhosOnFirst/rule_KEYPAD_group1_14 ("GJENTA"): WhosOnFirst/rule_KEYPAD_group1_10 ("HØYRE"), WhosOnFirst/rule_KEYPAD_group1_11 ("MIDTEN"), WhosOnFirst/rule_KEYPAD_group1_6 ("DET"), WhosOnFirst/rule_KEYPAD_group1_1 ("KLAR"), WhosOnFirst/rule_KEYPAD_group1_14 ("GJENTA"), WhosOnFirst/rule_KEYPAD_group1_12 ("VELG"), WhosOnFirst/rule_KEYPAD_group1_5 ("INGENTING"), WhosOnFirst/rule_KEYPAD_group1_8 ("NESTE"), WhosOnFirst/rule_KEYPAD_group1_4 ("BLANK"), WhosOnFirst/rule_KEYPAD_group1_9 ("AHA"), WhosOnFirst/rule_KEYPAD_group1_2 ("FØRST"), WhosOnFirst/rule_KEYPAD_group1_7 ("ÅH"), WhosOnFirst/rule_KEYPAD_group1_3 ("D"), WhosOnFirst/rule_KEYPAD_group1_13 ("VENT")
WhosOnFirst/rule_KEYPAD_group2_1 ("JA"): WhosOnFirst/rule_KEYPAD_group2_13 ("HÆ?"), WhosOnFirst/rule_KEYPAD_group2_2 ("TRYKK PÅ"), WhosOnFirst/rule_KEYPAD_group2_3 ("GJERNE"), WhosOnFirst/rule_KEYPAD_group2_4 ("FERDIG"), WhosOnFirst/rule_KEYPAD_group2_11 ("OK"), WhosOnFirst/rule_KEYPAD_group2_7 ("VENSTRE"), WhosOnFirst/rule_KEYPAD_group2_5 ("SE"), WhosOnFirst/rule_KEYPAD_group2_12 ("SÅNN"), WhosOnFirst/rule_KEYPAD_group2_9 ("HVILKE"), WhosOnFirst/rule_KEYPAD_group2_1 ("JA"), WhosOnFirst/rule_KEYPAD_group2_8 ("HJERNE"), WhosOnFirst/rule_KEYPAD_group2_14 ("NEI"), WhosOnFirst/rule_KEYPAD_group2_10 ("HÆ"), WhosOnFirst/rule_KEYPAD_group2_6 ("C")
WhosOnFirst/rule_KEYPAD_group2_2 ("TRYKK PÅ"): WhosOnFirst/rule_KEYPAD_group2_3 ("GJERNE"), WhosOnFirst/rule_KEYPAD_group2_11 ("OK"), WhosOnFirst/rule_KEYPAD_group2_14 ("NEI"), WhosOnFirst/rule_KEYPAD_group2_7 ("VENSTRE"), WhosOnFirst/rule_KEYPAD_group2_9 ("HVILKE"), WhosOnFirst/rule_KEYPAD_group2_10 ("HÆ"), WhosOnFirst/rule_KEYPAD_group2_8 ("HJERNE"), WhosOnFirst/rule_KEYPAD_group2_12 ("SÅNN"), WhosOnFirst/rule_KEYPAD_group2_1 ("JA"), WhosOnFirst/rule_KEYPAD_group2_6 ("C"), WhosOnFirst/rule_KEYPAD_group2_4 ("FERDIG"), WhosOnFirst/rule_KEYPAD_group2_13 ("HÆ?"), WhosOnFirst/rule_KEYPAD_group2_5 ("SE"), WhosOnFirst/rule_KEYPAD_group2_2 ("TRYKK PÅ")
WhosOnFirst/rule_KEYPAD_group2_3 ("GJERNE"): WhosOnFirst/rule_KEYPAD_group2_8 ("HJERNE"), WhosOnFirst/rule_KEYPAD_group2_2 ("TRYKK PÅ"), WhosOnFirst/rule_KEYPAD_group2_7 ("VENSTRE"), WhosOnFirst/rule_KEYPAD_group2_3 ("GJERNE"), WhosOnFirst/rule_KEYPAD_group2_11 ("OK"), WhosOnFirst/rule_KEYPAD_group2_5 ("SE"), WhosOnFirst/rule_KEYPAD_group2_13 ("HÆ?"), WhosOnFirst/rule_KEYPAD_group2_6 ("C"), WhosOnFirst/rule_KEYPAD_group2_4 ("FERDIG"), WhosOnFirst/rule_KEYPAD_group2_1 ("JA"), WhosOnFirst/rule_KEYPAD_group2_9 ("HVILKE"), WhosOnFirst/rule_KEYPAD_group2_12 ("SÅNN"), WhosOnFirst/rule_KEYPAD_group2_14 ("NEI"), WhosOnFirst/rule_KEYPAD_group2_10 ("HÆ")
WhosOnFirst/rule_KEYPAD_group2_4 ("FERDIG"): WhosOnFirst/rule_KEYPAD_group2_1 ("JA"), WhosOnFirst/rule_KEYPAD_group2_4 ("FERDIG"), WhosOnFirst/rule_KEYPAD_group2_5 ("SE"), WhosOnFirst/rule_KEYPAD_group2_11 ("OK"), WhosOnFirst/rule_KEYPAD_group2_8 ("HJERNE"), WhosOnFirst/rule_KEYPAD_group2_2 ("TRYKK PÅ"), WhosOnFirst/rule_KEYPAD_group2_6 ("C"), WhosOnFirst/rule_KEYPAD_group2_3 ("GJERNE"), WhosOnFirst/rule_KEYPAD_group2_9 ("HVILKE"), WhosOnFirst/rule_KEYPAD_group2_7 ("VENSTRE"), WhosOnFirst/rule_KEYPAD_group2_13 ("HÆ?"), WhosOnFirst/rule_KEYPAD_group2_10 ("HÆ"), WhosOnFirst/rule_KEYPAD_group2_14 ("NEI"), WhosOnFirst/rule_KEYPAD_group2_12 ("SÅNN")
WhosOnFirst/rule_KEYPAD_group2_5 ("SE"): WhosOnFirst/rule_KEYPAD_group2_10 ("HÆ"), WhosOnFirst/rule_KEYPAD_group2_6 ("C"), WhosOnFirst/rule_KEYPAD_group2_5 ("SE"), WhosOnFirst/rule_KEYPAD_group2_7 ("VENSTRE"), WhosOnFirst/rule_KEYPAD_group2_9 ("HVILKE"), WhosOnFirst/rule_KEYPAD_group2_13 ("HÆ?"), WhosOnFirst/rule_KEYPAD_group2_3 ("GJERNE"), WhosOnFirst/rule_KEYPAD_group2_12 ("SÅNN"), WhosOnFirst/rule_KEYPAD_group2_4 ("FERDIG"), WhosOnFirst/rule_KEYPAD_group2_14 ("NEI"), WhosOnFirst/rule_KEYPAD_group2_11 ("OK"), WhosOnFirst/rule_KEYPAD_group2_8 ("HJERNE"), WhosOnFirst/rule_KEYPAD_group2_2 ("TRYKK PÅ"), WhosOnFirst/rule_KEYPAD_group2_1 ("JA")
WhosOnFirst/rule_KEYPAD_group2_6 ("C"): WhosOnFirst/rule_KEYPAD_group2_7 ("VENSTRE"), WhosOnFirst/rule_KEYPAD_group2_13 ("HÆ?"), WhosOnFirst/rule_KEYPAD_group2_11 ("OK"), WhosOnFirst/rule_KEYPAD_group2_9 ("HVILKE"), WhosOnFirst/rule_KEYPAD_group2_4 ("FERDIG"), WhosOnFirst/rule_KEYPAD_group2_5 ("SE"), WhosOnFirst/rule_KEYPAD_group2_8 ("HJERNE"), WhosOnFirst/rule_KEYPAD_group2_10 ("HÆ"), WhosOnFirst/rule_KEYPAD_group2_6 ("C"), WhosOnFirst/rule_KEYPAD_group2_1 ("JA"), WhosOnFirst/rule_KEYPAD_group2_14 ("NEI"), WhosOnFirst/rule_KEYPAD_group2_12 ("SÅNN"), WhosOnFirst/rule_KEYPAD_group2_2 ("TRYKK PÅ"), WhosOnFirst/rule_KEYPAD_group2_3 ("GJERNE")
WhosOnFirst/rule_KEYPAD_group2_7 ("VENSTRE"): WhosOnFirst/rule_KEYPAD_group2_7 ("VENSTRE"), WhosOnFirst/rule_KEYPAD_group2_3 ("GJERNE"), WhosOnFirst/rule_KEYPAD_group2_2 ("TRYKK PÅ"), WhosOnFirst/rule_KEYPAD_group2_1 ("JA"), WhosOnFirst/rule_KEYPAD_group2_10 ("HÆ"), WhosOnFirst/rule_KEYPAD_group2_12 ("SÅNN"), WhosOnFirst/rule_KEYPAD_group2_8 ("HJERNE"), WhosOnFirst/rule_KEYPAD_group2_11 ("OK"), WhosOnFirst/rule_KEYPAD_group2_13 ("HÆ?"), WhosOnFirst/rule_KEYPAD_group2_14 ("NEI"), WhosOnFirst/rule_KEYPAD_group2_4 ("FERDIG"), WhosOnFirst/rule_KEYPAD_group2_5 ("SE"), WhosOnFirst/rule_KEYPAD_group2_6 ("C"), WhosOnFirst/rule_KEYPAD_group2_9 ("HVILKE")
WhosOnFirst/rule_KEYPAD_group2_8 ("HJERNE"): WhosOnFirst/rule_KEYPAD_group2_5 ("SE"), WhosOnFirst/rule_KEYPAD_group2_6 ("C"), WhosOnFirst/rule_KEYPAD_group2_2 ("TRYKK PÅ"), WhosOnFirst/rule_KEYPAD_group2_4 ("FERDIG"), WhosOnFirst/rule_KEYPAD_group2_11 ("OK"), WhosOnFirst/rule_KEYPAD_group2_8 ("HJERNE"), WhosOnFirst/rule_KEYPAD_group2_10 ("HÆ"), WhosOnFirst/rule_KEYPAD_group2_1 ("JA"), WhosOnFirst/rule_KEYPAD_group2_7 ("VENSTRE"), WhosOnFirst/rule_KEYPAD_group2_14 ("NEI"), WhosOnFirst/rule_KEYPAD_group2_3 ("GJERNE"), WhosOnFirst/rule_KEYPAD_group2_13 ("HÆ?"), WhosOnFirst/rule_KEYPAD_group2_12 ("SÅNN"), WhosOnFirst/rule_KEYPAD_group2_9 ("HVILKE")
WhosOnFirst/rule_KEYPAD_group2_9 ("HVILKE"): WhosOnFirst/rule_KEYPAD_group2_1 ("JA"), WhosOnFirst/rule_KEYPAD_group2_12 ("SÅNN"), WhosOnFirst/rule_KEYPAD_group2_4 ("FERDIG"), WhosOnFirst/rule_KEYPAD_group2_3 ("GJERNE"), WhosOnFirst/rule_KEYPAD_group2_6 ("C"), WhosOnFirst/rule_KEYPAD_group2_10 ("HÆ"), WhosOnFirst/rule_KEYPAD_group2_8 ("HJERNE"), WhosOnFirst/rule_KEYPAD_group2_14 ("NEI"), WhosOnFirst/rule_KEYPAD_group2_2 ("TRYKK PÅ"), WhosOnFirst/rule_KEYPAD_group2_7 ("VENSTRE"), WhosOnFirst/rule_KEYPAD_group2_5 ("SE"), WhosOnFirst/rule_KEYPAD_group2_11 ("OK"), WhosOnFirst/rule_KEYPAD_group2_9 ("HVILKE"), WhosOnFirst/rule_KEYPAD_group2_13 ("HÆ?")
WhosOnFirst/rule_KEYPAD_group2_10 ("HÆ"): WhosOnFirst/rule_KEYPAD_group2_13 ("HÆ?"), WhosOnFirst/rule_KEYPAD_group2_7 ("VENSTRE"), WhosOnFirst/rule_KEYPAD_group2_11 ("OK"), WhosOnFirst/rule_KEYPAD_group2_9 ("HVILKE"), WhosOnFirst/rule_KEYPAD_group2_3 ("GJERNE"), WhosOnFirst/rule_KEYPAD_group2_5 ("SE"), WhosOnFirst/rule_KEYPAD_group2_4 ("FERDIG"), WhosOnFirst/rule_KEYPAD_group2_12 ("SÅNN"), WhosOnFirst/rule_KEYPAD_group2_14 ("NEI"), WhosOnFirst/rule_KEYPAD_group2_1 ("JA"), WhosOnFirst/rule_KEYPAD_group2_6 ("C"), WhosOnFirst/rule_KEYPAD_group2_2 ("TRYKK PÅ"), WhosOnFirst/rule_KEYPAD_group2_8 ("HJERNE"), WhosOnFirst/rule_KEYPAD_group2_10 ("HÆ")
WhosOnFirst/rule_KEYPAD_group2_11 ("OK"): WhosOnFirst/rule_KEYPAD_group2_9 ("HVILKE"), WhosOnFirst/rule_KEYPAD_group2_7 ("VENSTRE"), WhosOnFirst/rule_KEYPAD_group2_8 ("HJERNE"), WhosOnFirst/rule_KEYPAD_group2_3 ("GJERNE"), WhosOnFirst/rule_KEYPAD_group2_12 ("SÅNN"), WhosOnFirst/rule_KEYPAD_group2_13 ("HÆ?"), WhosOnFirst/rule_KEYPAD_group2_11 ("OK"), WhosOnFirst/rule_KEYPAD_group2_14 ("NEI"), WhosOnFirst/rule_KEYPAD_group2_10 ("HÆ"), WhosOnFirst/rule_KEYPAD_group2_2 ("TRYKK PÅ"), WhosOnFirst/rule_KEYPAD_group2_5 ("SE"), WhosOnFirst/rule_KEYPAD_group2_4 ("FERDIG"), WhosOnFirst/rule_KEYPAD_group2_6 ("C"), WhosOnFirst/rule_KEYPAD_group2_1 ("JA")
WhosOnFirst/rule_KEYPAD_group2_12 ("SÅNN"): WhosOnFirst/rule_KEYPAD_group2_2 ("TRYKK PÅ"), WhosOnFirst/rule_KEYPAD_group2_6 ("C"), WhosOnFirst/rule_KEYPAD_group2_10 ("HÆ"), WhosOnFirst/rule_KEYPAD_group2_8 ("HJERNE"), WhosOnFirst/rule_KEYPAD_group2_1 ("JA"), WhosOnFirst/rule_KEYPAD_group2_5 ("SE"), WhosOnFirst/rule_KEYPAD_group2_13 ("HÆ?"), WhosOnFirst/rule_KEYPAD_group2_9 ("HVILKE"), WhosOnFirst/rule_KEYPAD_group2_4 ("FERDIG"), WhosOnFirst/rule_KEYPAD_group2_11 ("OK"), WhosOnFirst/rule_KEYPAD_group2_12 ("SÅNN"), WhosOnFirst/rule_KEYPAD_group2_7 ("VENSTRE"), WhosOnFirst/rule_KEYPAD_group2_3 ("GJERNE"), WhosOnFirst/rule_KEYPAD_group2_14 ("NEI")
WhosOnFirst/rule_KEYPAD_group2_13 ("HÆ?"): WhosOnFirst/rule_KEYPAD_group2_2 ("TRYKK PÅ"), WhosOnFirst/rule_KEYPAD_group2_10 ("HÆ"), WhosOnFirst/rule_KEYPAD_group2_14 ("NEI"), WhosOnFirst/rule_KEYPAD_group2_4 ("FERDIG"), WhosOnFirst/rule_KEYPAD_group2_1 ("JA"), WhosOnFirst/rule_KEYPAD_group2_12 ("SÅNN"), WhosOnFirst/rule_KEYPAD_group2_7 ("VENSTRE"), WhosOnFirst/rule_KEYPAD_group2_5 ("SE"), WhosOnFirst/rule_KEYPAD_group2_13 ("HÆ?"), WhosOnFirst/rule_KEYPAD_group2_6 ("C"), WhosOnFirst/rule_KEYPAD_group2_9 ("HVILKE"), WhosOnFirst/rule_KEYPAD_group2_11 ("OK"), WhosOnFirst/rule_KEYPAD_group2_3 ("GJERNE"), WhosOnFirst/rule_KEYPAD_group2_8 ("HJERNE")
WhosOnFirst/rule_KEYPAD_group2_14 ("NEI"): WhosOnFirst/rule_KEYPAD_group2_4 ("FERDIG"), WhosOnFirst/rule_KEYPAD_group2_11 ("OK"), WhosOnFirst/rule_KEYPAD_group2_6 ("C"), WhosOnFirst/rule_KEYPAD_group2_5 ("SE"), WhosOnFirst/rule_KEYPAD_group2_12 ("SÅNN"), WhosOnFirst/rule_KEYPAD_group2_10 ("HÆ"), WhosOnFirst/rule_KEYPAD_group2_8 ("HJERNE"), WhosOnFirst/rule_KEYPAD_group2_9 ("HVILKE"), WhosOnFirst/rule_KEYPAD_group2_7 ("VENSTRE"), WhosOnFirst/rule_KEYPAD_group2_1 ("JA"), WhosOnFirst/rule_KEYPAD_group2_14 ("NEI"), WhosOnFirst/rule_KEYPAD_group2_13 ("HÆ?"), WhosOnFirst/rule_KEYPAD_group2_2 ("TRYKK PÅ"), WhosOnFirst/rule_KEYPAD_group2_3 ("GJERNE")


[BombRules] Memory Rules:
Stage 1:
If the display is 1, press the button in the second position.
If the display is 2, press the button in the second position.
If the display is 3, press the button in the third position.
If the display is 4, press the button in the fourth position.

Stage 2:
If the display is 1, press the button labeled "4".
If the display is 2, press the button in the same position as you pressed in stage 1.
If the display is 3, press the button in the first position.
If the display is 4, press the button in the same position as you pressed in stage 1.

Stage 3:
If the display is 1, press the button with the same label you pressed in stage 2.
If the display is 2, press the button with the same label you pressed in stage 1.
If the display is 3, press the button in the third position.
If the display is 4, press the button labeled "4".

Stage 4:
If the display is 1, press the button in the same position as you pressed in stage 1.
If the display is 2, press the button in the first position.
If the display is 3, press the button in the same position as you pressed in stage 2.
If the display is 4, press the button in the same position as you pressed in stage 2.

Stage 5:
If the display is 1, press the button with the same label you pressed in stage 1.
If the display is 2, press the button with the same label you pressed in stage 2.
If the display is 3, press the button with the same label you pressed in stage 4.
If the display is 4, press the button with the same label you pressed in stage 3.



[BombRules] Morse Code Rules:
FrequencyTermMap: 
MorseComponent/rule_Option17 ("bombe"): 3.505 MHz
MorseComponent/rule_Option16 ("knapp"): 3.515 MHz
MorseComponent/rule_Option20 ("fjern"): 3.522 MHz
MorseComponent/rule_Option1 ("tallet"): 3.532 MHz
MorseComponent/rule_Option5 ("andre"): 3.535 MHz
MorseComponent/rule_Option11 ("enter"): 3.542 MHz
MorseComponent/rule_Option19 ("taste"): 3.545 MHz
MorseComponent/rule_Option18 ("betal"): 3.552 MHz
MorseComponent/rule_Option21 ("belte"): 3.555 MHz
MorseComponent/rule_Option8 ("ballet"): 3.565 MHz
MorseComponent/rule_Option14 ("knase"): 3.572 MHz
MorseComponent/rule_Option13 ("anser"): 3.575 MHz
MorseComponent/rule_Option10 ("alltid"): 3.582 MHz
MorseComponent/rule_Option9 ("tabbe"): 3.592 MHz
MorseComponent/rule_Option3 ("huske"): 3.595 MHz
MorseComponent/rule_Option7 ("bomma"): 3.600 MHz


[BombRules] Venn Wire Rules:
[Red:False Blue:False Symbol:False LED:False]: Cut
[Red:False Blue:False Symbol:False LED:True]: DoNotCut
[Red:False Blue:False Symbol:True LED:False]: Cut
[Red:False Blue:False Symbol:True LED:True]: CutIfTwoOrMoreBatteriesPresent
[Red:False Blue:True Symbol:False LED:False]: CutIfSerialEven
[Red:False Blue:True Symbol:False LED:True]: CutIfParallelPortPresent
[Red:False Blue:True Symbol:True LED:False]: DoNotCut
[Red:False Blue:True Symbol:True LED:True]: CutIfParallelPortPresent
[Red:True Blue:False Symbol:False LED:False]: CutIfSerialEven
[Red:True Blue:False Symbol:False LED:True]: CutIfTwoOrMoreBatteriesPresent
[Red:True Blue:False Symbol:True LED:False]: Cut
[Red:True Blue:False Symbol:True LED:True]: CutIfTwoOrMoreBatteriesPresent
[Red:True Blue:True Symbol:False LED:False]: CutIfSerialEven
[Red:True Blue:True Symbol:False LED:True]: CutIfSerialEven
[Red:True Blue:True Symbol:True LED:False]: CutIfParallelPortPresent
[Red:True Blue:True Symbol:True LED:True]: DoNotCut


[BombRules] Wire Sequence Rules:
BLACK Wires: First: [A, B or C], Second: [A or C], Third: [B], Fourth: [A or C], Fifth: [B], Sixth: [B or C], Seventh: [A or B], Eighth: [C], Ninth: [C], 
BLUE Wires: First: [B], Second: [A or C], Third: [B], Fourth: [A], Fifth: [B], Sixth: [B or C], Seventh: [C], Eighth: [A or C], Ninth: [A], 
RED Wires: First: [C], Second: [B], Third: [A], Fourth: [A or C], Fifth: [B], Sixth: [A or C], Seventh: [A, B or C], Eighth: [A or B], Ninth: [B], 


[BombRules] Maze Rules:
Maze 0: 6,320,400,384,384,256,288,96,320,288,352,96,224,192,160,192,32,192,288,320,288,320,160,320,160,96,96,96,352,224,352,224,192,144,128,384,160
Maze 1: 6,352,320,384,256,384,416,64,160,320,176,448,288,224,320,160,320,384,160,320,160,320,160,320,288,64,304,96,448,160,96,224,192,128,384,384,160
Maze 2: 6,320,416,320,384,384,288,96,448,128,384,288,96,192,384,384,384,160,96,448,288,320,400,384,160,320,160,192,384,384,288,192,384,384,400,384,160
Maze 3: 6,336,384,384,400,256,288,192,384,288,352,96,96,352,320,160,96,96,224,96,96,320,32,96,352,96,96,224,96,192,160,192,128,384,128,384,416
Maze 4: 6,352,320,256,384,384,416,96,96,192,288,320,288,96,96,352,96,96,96,96,64,160,192,32,112,64,160,336,416,224,96,192,416,192,384,384,160
Maze 5: 6,448,384,256,288,320,288,320,384,160,192,160,96,192,384,416,320,432,96,352,320,384,128,384,160,80,160,320,384,288,352,192,384,160,448,128,160
Maze 6: 6,320,384,288,320,384,288,112,320,160,192,416,112,96,224,320,256,288,96,192,288,224,96,96,96,320,160,320,160,192,32,192,384,160,448,384,160
Maze 7: 6,448,256,384,384,384,288,320,32,320,288,448,32,96,224,96,208,288,96,208,288,96,352,96,96,320,160,192,32,96,96,192,384,384,160,224,224
Maze 8: 6,448,384,256,384,400,288,320,384,32,448,384,160,96,336,160,320,384,288,96,224,320,160,320,160,64,384,160,352,192,288,192,384,384,128,416,224


[BombRules] Password Rules:
Possibilities: ALVER, ANDRE, AVBUD, BOMBE, BREDT, DRAMA, FJERN, GLASS, HAIER, HALLO, HEISE, HELLE, HJELM, HUSLY, KASSE, KJOLE, KLISS, KNAPP, KOALA, LASSO, MARIN, MOTTO, MUREN, NESTE, PINUP, RODEO, SKAKK, SKAPT, SKARP, SKILT, SKRAP, SKRUE, TIDEN, TRYKK, UTEDO

[BombRules] Needy Knob Rules:
Up Position:
OOXOXX
XXXXOX

XOXOXO
OXXOXX

Down Position:
OXXOOX
XXXXOX

XOXOXO
OXOOOX

Left Position:
OOOOXO
XOOXXX

OOOOXO
OOOXXO

Right Position:
XOXXXX
XXXOXO

XOXXOO
XXXOXO



[Rules] BombRules generation complete.

First time loading the title scene: instantiating OneTimeLoad objects!
Initializing BuildInfoManager...
Bundle Version: 1.9.24
InControl (version 1.6.15 build 9080)
[SecondScreenInteractiveManual] Changing state from Loading to Loading

[KTInputManager] InControl Platform: LINUX 6.9 ARCH ROLLING 64BIT PC

[KTInputManager] InControl Devices: 0

[KTInputManager] Active device: None () [Supported] [Platform: LINUX 6.9 ARCH ROLLING 64BIT PC]

[KTInputManager] Active SecondScreen device: None () [Supported] [Platform: LINUX 6.9 ARCH ROLLING 64BIT PC]

Configuring using external log config file: /home/elvis/.local/share/Steam/steamapps/common/Keep Talking and Nobody Explodes/logConfig.xml.
[Logging] Logging successfully configured from external file.

[UserManager] Initialized UserManager

[ServicesSteam] Steamworks.NET is initialized. Now logged in as Defango!

Unloading 5 Unused Serialized files (Serialized files now loaded: 0)

Unloading 439 unused Assets to reduce memory usage. Loaded Objects now: 7207.
Total: 10.783000 ms (FindLiveObjects: 0.473000 ms CreateObjectMapping: 0.292000 ms MarkObjects: 9.735000 ms  DeleteObjects: 0.281000 ms)

No Playlist Controllers exist in the Scene. Music will not play.
[SecondScreenManager] VRMode=false, disabling.

[SecondScreenManager] SecondScreen mode changed from Disabled to Disabled

[Localization] OnBeforeLocalizeEvent!

[Localization] OnLocalizeEvent!

[LoadingManager] Loading: mainScene

Unloading 6 Unused Serialized files (Serialized files now loaded: 0)
[LoadingManager] Finished loading: 0.26 sec(s)

[LoadingManager] Could not find any connected and supported InControl devices. Prompting user to connect, if the current platform has a native prompt...

[LoadingManager] Received mouse input to continue.

[KTInputManager] Requested setting control type to: Mouse

[KTInputManager] Control type supported. Settting control type to: Mouse

[LoadingManager] Engagement complete. Loading main scene...

[FileUtilityHelper] Attempting to load "/home/elvis/.config/unity3d/Steel Crate Games/Keep Talking and Nobody Explodes/demoSettings.xml"...

[FileUtilityHelper] Successfully loaded "/home/elvis/.config/unity3d/Steel Crate Games/Keep Talking and Nobody Explodes/demoSettings.xml".

[DemoManager] Demo settings: [Mode: FromFile], [DisableAlarmClockSound: False], [SkipVerificationFlow: False], [ForgetLastGameSettings: False]

[FileUtilityHelper] Attempting to load "/home/elvis/.config/unity3d/Steel Crate Games/Keep Talking and Nobody Explodes/tournamentSettings.xml"...

[FileUtilityHelper] Failed to load "/home/elvis/.config/unity3d/Steel Crate Games/Keep Talking and Nobody Explodes/tournamentSettings.xml": Could not find file "/home/elvis/.config/unity3d/Steel Crate Games/Keep Talking and Nobody Explodes/tournamentSettings.xml".

 
(Filename: /home/builduser/buildslave/unity/build/artifacts/generated/common/runtime/DebugBindings.gen.cpp Line: 51)

[TournamentManager] Failed to load tournament settings from user path, looking for tournamentSettings.xml next to executable.

[FileUtilityHelper] Attempting to load "tournamentSettings.xml"...

[FileUtilityHelper] Failed to load "tournamentSettings.xml": Could not find file "/home/elvis/.local/share/Steam/steamapps/common/Keep Talking and Nobody Explodes/tournamentSettings.xml".

 
(Filename: /home/builduser/buildslave/unity/build/artifacts/generated/common/runtime/DebugBindings.gen.cpp Line: 51)

[TournamentManager] Failed to load tournament settings from executable path. Creating default tournament settings.

[TournamentManager] Tournament settings: Name: Test Tournament
Teams: 2
Missions: firsttime,somethingoldsomethingnew,onestepup
TieBreaker: firsttime
Turn Order: Snake
SeedStyle: GenerateSame 
PacingEvents: ForceOneMinuteLeftOnly

[FileUtilityHelper] Attempting to load "/home/elvis/.config/unity3d/Steel Crate Games/Keep Talking and Nobody Explodes/modSettings.xml"...

[FileUtilityHelper] Successfully loaded "/home/elvis/.config/unity3d/Steel Crate Games/Keep Talking and Nobody Explodes/modSettings.xml".

[ModSettingsManager] Assets.Scripts.Settings.ModSettings

[StatsManager] Loading stats from stats.xml...

[FileUtilityHelper] Attempting to load "/home/elvis/.config/unity3d/Steel Crate Games/Keep Talking and Nobody Explodes/stats.xml"...

[FileUtilityHelper] Successfully loaded "/home/elvis/.config/unity3d/Steel Crate Games/Keep Talking and Nobody Explodes/stats.xml".

[StatsManager] Recorded Stats:

[StatsManager] thebasicsprogress: IntValue: 0

[StatsManager] moderateprogress: IntValue: 0

[StatsManager] moduletypeprogress: IntValue: 3

[StatsManager] totalstrikes: IntValue: 88

[StatsManager] totalmodulesdisarmed: IntValue: 57

[StatsManager] totalbombsexploded: IntValue: 31

[StatsManager] totalbombsdefused: IntValue: 8

[StatsManager] needyprogress: IntValue: 0

[StatsManager] challengingprogress: IntValue: 0

[StatsManager] extremeprogress: IntValue: 0

[StatsManager] exoticprogress: IntValue: 0

[StatsManager] Recorded Achievements:

[StatsManager] firstbomb: unlocked at 07/14/2024 17:58:53

UnloadTime: 1.571000 ms
[MissionManager] MissionManager initialized. 34 missions available.

[RecordManager] Loading records from records.xml...

[FileUtilityHelper] Attempting to load "/home/elvis/.config/unity3d/Steel Crate Games/Keep Talking and Nobody Explodes/records.xml"...

[FileUtilityHelper] Successfully loaded "/home/elvis/.config/unity3d/Steel Crate Games/Keep Talking and Nobody Explodes/records.xml".

[RecordManager] Loading best time records from best_times.xml...

[FileUtilityHelper] Attempting to load "/home/elvis/.config/unity3d/Steel Crate Games/Keep Talking and Nobody Explodes/best_times.xml"...

[FileUtilityHelper] Failed to load "/home/elvis/.config/unity3d/Steel Crate Games/Keep Talking and Nobody Explodes/best_times.xml": Could not find file "/home/elvis/.config/unity3d/Steel Crate Games/Keep Talking and Nobody Explodes/best_times.xml".

 
(Filename: /home/builduser/buildslave/unity/build/artifacts/generated/common/runtime/DebugBindings.gen.cpp Line: 51)

[RecordManager] No best time records found.

[RecordManager] 1 recent records found:

[RecordManager] Record: 1 Mission: firsttime Result: ExplodedDueToStrikes Seed: 247314980 Modules: 3 Solved: 3 TimeElapsed: 95.77486  RealTimeElapsed: 141.2151 Strikes: 3

[RecordManager] Recent Record Summary: Success: 0 ExplodeDueToStrikes: 1 ExplodeDueToTime: 0

[RecordManager] 0 Best Time records found:

[SceneManager] Creating game states...

[PrefabOverride] Prefab override: InputBased: True, CurrentControlType: Mouse, Path: "PC/Prefabs/ControlsPoster/ControlsPoster_mouse"

[MissionTableOfContentsPageManager] Showing ToC 0 page 0.

[MaterialOverride] Material override: InputBased: True, CurrentControlType: Mouse, Path: "PC/Materials/controls_poster_mouse"

[LeaderboardBulkSubmissionWorker] Submitting all unreported leaderboard scores.

[LeaderboardBulkSubmissionWorker] Finished submitting all unreported leaderboard scores.


Unloading 210 unused Assets to reduce memory usage. Loaded Objects now: 37421.
Total: 63.501000 ms (FindLiveObjects: 3.085000 ms CreateObjectMapping: 2.132000 ms MarkObjects: 56.870000 ms  DeleteObjects: 1.414000 ms)

Unloading 1 Unused Serialized files (Serialized files now loaded: 0)
[ServicesSteam] Sent request to store stats to Steam.

[SceneManager] Fading in...

[State] Enter SetupState

[MissionTableOfContentsPageManager] Showing ToC 0 page 0.


Unloading 1 unused Assets to reduce memory usage. Loaded Objects now: 37481.
Total: 69.836000 ms (FindLiveObjects: 2.616000 ms CreateObjectMapping: 1.800000 ms MarkObjects: 65.343000 ms  DeleteObjects: 0.077000 ms)

Unloading 0 Unused Serialized files (Serialized files now loaded: 0)

Unloading 0 unused Assets to reduce memory usage. Loaded Objects now: 37481.
Total: 60.957000 ms (FindLiveObjects: 2.568000 ms CreateObjectMapping: 1.367000 ms MarkObjects: 56.971000 ms  DeleteObjects: 0.051000 ms)

[ServicesSteam] Received user stats from Steam for game id 341800

[ServicesSteam] Steam achievement id allthebasics was unlocked remotely but is not unlocked locally. Recording unlock locally...

[ServicesSteam] Finished merging existing stats and achievements

[ServicesSteam] Sent request to store stats to Steam.

[MissionTableOfContentsPageManager] Showing ToC 0 page 0.

[ServicesSteam] ExecuteLeaderboardRequest

[ServicesSteam] ExecuteLeaderboardRequest: Making SteamUserStats.FindOrCreateLeaderboard request for missionID firsttime.

[RTLTransformX] Could not find Localize component. This should never happen if things are configured correctly.

 
(Filename: /home/builduser/buildslave/unity/build/artifacts/generated/common/runtime/DebugBindings.gen.cpp Line: 51)

[ServicesSteam] OnLeaderboardFind: Making SteamUserStats.DownloadLeaderboardEntries request.

[LeaderboardRequest] Ignoring response for leaderboard request with missionID firsttime

[ServicesSteam] LeaderboardRequestCompleted

[State] Preparing to exit setup state

[SceneManager] Fading out...

[State] Exit setup state

[MissionTableOfContentsPageManager] Showing ToC 0 page 0.

Unloading 3 Unused Serialized files (Serialized files now loaded: 0)
UnloadTime: 18.303000 ms

Unloading 17878 unused Assets to reduce memory usage. Loaded Objects now: 6389.
Total: 40.031000 ms (FindLiveObjects: 1.721000 ms CreateObjectMapping: 1.931000 ms MarkObjects: 12.480000 ms  DeleteObjects: 23.898000 ms)

Unloading 0 Unused Serialized files (Serialized files now loaded: 0)

Unloading 0 unused Assets to reduce memory usage. Loaded Objects now: 6389.
Total: 15.249000 ms (FindLiveObjects: 0.788000 ms CreateObjectMapping: 0.299000 ms MarkObjects: 14.150000 ms  DeleteObjects: 0.012000 ms)

The referenced script on this Behaviour (Game Object 'WireCutButton_4') is missing!
 
(Filename:  Line: 1758)

The referenced script on this Behaviour (Game Object 'WireCutButton_1') is missing!
 
(Filename:  Line: 1758)

The referenced script on this Behaviour (Game Object 'WireCutButton_6') is missing!
 
(Filename:  Line: 1758)

The referenced script on this Behaviour (Game Object 'WireCutButton_3') is missing!
 
(Filename:  Line: 1758)

The referenced script on this Behaviour (Game Object 'WireCutButton_5') is missing!
 
(Filename:  Line: 1758)

The referenced script on this Behaviour (Game Object 'WireCutButton_3') is missing!
 
(Filename:  Line: 1758)

The referenced script on this Behaviour (Game Object 'WireCutButton_2') is missing!
 
(Filename:  Line: 1758)

The referenced script on this Behaviour (Game Object 'WireCutButton_1') is missing!
 
(Filename:  Line: 1758)

The referenced script on this Behaviour (Game Object 'WireCutButton_2') is missing!
 
(Filename:  Line: 1758)

Unloading 8 Unused Serialized files (Serialized files now loaded: 0)
UnloadTime: 2.306000 ms
[MissionManager] Mission manager already initialized!

[SceneManager] Creating game states...

[PrefabOverride] Prefab override: InputBased: True, CurrentControlType: Mouse, Path: "PC/Prefabs/ControlsPoster/ControlsPoster_mouse"

[MaterialOverride] Material override: InputBased: True, CurrentControlType: Mouse, Path: "PC/Materials/controls_poster_mouse"

[LeaderboardBulkSubmissionWorker] Submitting all unreported leaderboard scores.

[LeaderboardBulkSubmissionWorker] Finished submitting all unreported leaderboard scores.


Unloading 77 unused Assets to reduce memory usage. Loaded Objects now: 22484.
Total: 39.621000 ms (FindLiveObjects: 1.574000 ms CreateObjectMapping: 1.584000 ms MarkObjects: 36.277000 ms  DeleteObjects: 0.185000 ms)

Unloading 1 Unused Serialized files (Serialized files now loaded: 0)
[SceneManager] Fading in...

[State] Enter GameplayState

[BombGenerator] Generating bomb with seed 1269029929

[BombGenerator] Generator settings: Time: 300, NumStrikes: 3, FrontFaceOnly: True
3 Pools:
[Wires] Count: 1
[BigButton] Count: 1
[Keypad] Count: 1


[BombGenerator] BombTypeEnum: Default

[BombGenerator] Filling in non-front faces with empty components.

[BombGenerator] Instantiated EmptyComponent on face RearFace, spawn index 5

[BombGenerator] Instantiated EmptyComponent on face RearFace, spawn index 1

[BombGenerator] Instantiated EmptyComponent on face RearFace, spawn index 4

[BombGenerator] Instantiated EmptyComponent on face RearFace, spawn index 0

[BombGenerator] Instantiated EmptyComponent on face RearFace, spawn index 2

[BombGenerator] Instantiated EmptyComponent on face RearFace, spawn index 3

[BombGenerator] Instantiated TimerComponent on face FrontFace, spawn index 1

[BombGenerator] Selected Wires (WireSetComponent (WireSetComponent))

[BombGenerator] Selected BigButton (ButtonComponent (ButtonComponent))

[BombGenerator] Selected Keypad (KeypadComponent (KeypadComponent))

[BombGenerator] Bomb component list: RequiresTimerVisibility [ButtonComponent (ButtonComponent)], AnyFace: [WireSetComponent (WireSetComponent), KeypadComponent (KeypadComponent)]

[BombGenerator] Instantiating RequiresTimerVisibility components on FrontFace

[BombGenerator] Instantiated ButtonComponent on face FrontFace, spawn index 4

[BombGenerator] Instantiating remaining components on any valid face.

[BombGenerator] Instantiated WireSetComponent on face FrontFace, spawn index 0

[KeypadComponent #1] Symbols selected: "Ѽ", "ϗ", "ζ", "ѯ"

[BombGenerator] Instantiated KeypadComponent on face FrontFace, spawn index 5

[BombGenerator] Filling remaining spaces with empty components.

[BombGenerator] Instantiated EmptyComponent on face FrontFace, spawn index 3

[BombGenerator] Instantiated EmptyComponent on face FrontFace, spawn index 2

[BombGenerator] Generating Widgets

[SerialNumber] Randomizing Serial Number: F05GT4

[WidgetGenerator] Added widget: SerialNumber at 0, 1

[WidgetGenerator] Added widget: PortWidget at 0, 0

[PortWidget] Randomizing Port Widget: DVI, PS2, StereoRCA

[WidgetGenerator] Added widget: IndicatorWidget at 0, 0

[IndicatorWidget] Randomizing Indicator Widget: lit FRQ (IndicatorWidget/LABEL5)

[WidgetGenerator] Added widget: IndicatorWidget at 0, 0

[IndicatorWidget] Randomizing Indicator Widget: unlit NSA (IndicatorWidget/LABEL7)

[WidgetGenerator] Added widget: PortWidget at 0, 1

[PortWidget] Randomizing Port Widget: DVI, RJ45

[WidgetGenerator] Added widget: IndicatorWidget at 0, 0

[IndicatorWidget] Randomizing Indicator Widget: lit CLR (IndicatorWidget/LABEL2)

[WireSetComponent #1] Num wires: 5 Removing 1 wires...

[WireSetComponent #1] Removing wire SnippableWire_4 (SnippableWire) at index 3

[WireSetComponent #1] Wires.Count is now 5


Unloading 99 unused Assets to reduce memory usage. Loaded Objects now: 25584.
Total: 41.712000 ms (FindLiveObjects: 1.503000 ms CreateObjectMapping: 1.451000 ms MarkObjects: 38.524000 ms  DeleteObjects: 0.234000 ms)

[PaceMaker] Round start! Mission: Den første bomben Pacing Enabled: False

[PaceMaker] Next idle action in 41.69306 seconds.

[PaceMaker] Valid pacing events: 

[PaceMaker] Removed 3 pacing events.

[ButtonComponent #1] open lid

[ButtonComponent #1] close lid

[ButtonComponent #1] open lid

[ButtonComponent #1] close lid

[PaceMaker] PlayerSuccessRating: 0.47221 (Factors: solved: 0, strikes: 0.3, time: 0.1722099)

[PaceMaker] Next idle action in 54.21643 seconds.

[PaceMaker] PlayerSuccessRating: 0.436199 (Factors: solved: 0, strikes: 0.3, time: 0.136199)

[PaceMaker] Next idle action in 27.28249 seconds.

[PrefabOverride] Prefab override: InputBased: True, CurrentControlType: Mouse, Path: "PC/Prefabs/DossierMenu/DossierControls_Mouse"

[MenuPage] ReturnToSetupRoom

[PaceMaker] Round over.

[SceneManager] Fading out...

[SceneManager] Waiting 0 seconds before completing fade...

[SceneManager] Resetting game!

Unloading 6 Unused Serialized files (Serialized files now loaded: 0)
[TexturePacker] Destroying TexturePacker. Also destroying all TexturePacker generated materials so they don't just float around in memory until the next time Resources.UnloadUnusedAssets() is called.

UnloadTime: 11.556000 ms
[MissionManager] Mission manager already initialized!

[SceneManager] Creating game states...

[PrefabOverride] Prefab override: InputBased: True, CurrentControlType: Mouse, Path: "PC/Prefabs/ControlsPoster/ControlsPoster_mouse"

[MissionTableOfContentsPageManager] Showing ToC 0 page 0.

[MaterialOverride] Material override: InputBased: True, CurrentControlType: Mouse, Path: "PC/Materials/controls_poster_mouse"

[LeaderboardBulkSubmissionWorker] Submitting all unreported leaderboard scores.

[LeaderboardBulkSubmissionWorker] Finished submitting all unreported leaderboard scores.


Unloading 7554 unused Assets to reduce memory usage. Loaded Objects now: 36869.
Total: 82.467000 ms (FindLiveObjects: 2.655000 ms CreateObjectMapping: 3.384000 ms MarkObjects: 64.621000 ms  DeleteObjects: 11.807000 ms)

Unloading 1 Unused Serialized files (Serialized files now loaded: 0)
[FileUtilityHelper] Attempting to save "/home/elvis/.config/unity3d/Steel Crate Games/Keep Talking and Nobody Explodes/progression.xml"...

[FileUtilityHelper] Successfully saved "/home/elvis/.config/unity3d/Steel Crate Games/Keep Talking and Nobody Explodes/progression.xml".

[ServicesSteam] Sent request to store stats to Steam.

[SceneManager] Fading in...

[State] Enter SetupState

[MissionTableOfContentsPageManager] Showing ToC 0 page 0.


Unloading 5 unused Assets to reduce memory usage. Loaded Objects now: 36925.
Total: 65.000000 ms (FindLiveObjects: 2.273000 ms CreateObjectMapping: 1.957000 ms MarkObjects: 60.646000 ms  DeleteObjects: 0.124000 ms)

Unloading 0 Unused Serialized files (Serialized files now loaded: 0)

Unloading 0 unused Assets to reduce memory usage. Loaded Objects now: 36925.
Total: 64.163000 ms (FindLiveObjects: 2.458000 ms CreateObjectMapping: 1.930000 ms MarkObjects: 59.719000 ms  DeleteObjects: 0.056000 ms)

[PrefabOverride] Prefab override: InputBased: True, CurrentControlType: Mouse, Path: "PC/Prefabs/DossierMenu/DossierControls_Mouse"

[CommonMenuUtil] ReturnToLauncher

[SceneManager] Fading out and exiting.

Setting up 4 worker threads for Enlighten.
  Thread -> id: 78901be006c0 -> priority: 1 
  Thread -> id: 78901b4006c0 -> priority: 1 
  Thread -> id: 78901aa006c0 -> priority: 1 
  Thread -> id: 788ff7e006c0 -> priority: 1 
