2024-08-01 16:23:44.925 [info] Log level: Info
2024-08-01 16:23:44.925 [info] Validating found git in: "git"
2024-08-01 16:23:44.925 [info] Using git "2.45.2" from "git"
2024-08-01 16:23:44.925 [info] > git rev-parse --show-toplevel [10ms]
2024-08-01 16:23:44.925 [info] fatal: not a git repository (or any of the parent directories): .git
2024-08-01 16:23:44.925 [info] > git rev-parse --show-toplevel [56ms]
2024-08-01 16:23:44.925 [info] fatal: not a git repository (or any of the parent directories): .git
2024-08-01 16:23:44.926 [info] > git rev-parse --show-toplevel [3ms]
2024-08-01 16:23:44.926 [info] fatal: not a git repository (or any of the parent directories): .git
2024-08-01 16:23:44.933 [info] > git rev-parse --show-toplevel [3ms]
2024-08-01 16:23:44.933 [info] fatal: not a git repository (or any of the parent directories): .git
2024-08-01 16:23:44.947 [info] > git rev-parse --show-toplevel [4ms]
2024-08-01 16:23:44.947 [info] fatal: not a git repository (or any of the parent directories): .git
2024-08-01 16:23:44.957 [info] > git rev-parse --show-toplevel [3ms]
2024-08-01 16:23:44.957 [info] fatal: not a git repository (or any of the parent directories): .git
2024-08-01 16:23:44.967 [info] > git rev-parse --show-toplevel [3ms]
2024-08-01 16:23:44.967 [info] fatal: not a git repository (or any of the parent directories): .git
2024-08-01 16:23:44.979 [info] > git rev-parse --show-toplevel [3ms]
2024-08-01 16:23:44.979 [info] fatal: not a git repository (or any of the parent directories): .git
2024-08-01 16:23:44.989 [info] > git rev-parse --show-toplevel [2ms]
2024-08-01 16:23:44.989 [info] fatal: not a git repository (or any of the parent directories): .git
2024-08-01 16:23:45.001 [info] > git rev-parse --show-toplevel [3ms]
2024-08-01 16:23:45.001 [info] fatal: not a git repository (or any of the parent directories): .git
2024-08-01 16:23:45.010 [info] > git rev-parse --show-toplevel [3ms]
2024-08-01 16:23:45.010 [info] fatal: not a git repository (or any of the parent directories): .git
2024-08-01 16:23:45.019 [info] > git rev-parse --show-toplevel [2ms]
2024-08-01 16:23:45.019 [info] fatal: not a git repository (or any of the parent directories): .git
2024-08-01 16:23:45.030 [info] > git rev-parse --show-toplevel [5ms]
2024-08-01 16:23:45.030 [info] fatal: not a git repository (or any of the parent directories): .git
2024-08-01 16:23:45.038 [info] > git rev-parse --show-toplevel [4ms]
2024-08-01 16:23:45.038 [info] fatal: not a git repository (or any of the parent directories): .git
2024-08-01 16:23:45.049 [info] > git rev-parse --show-toplevel [2ms]
2024-08-01 16:23:45.049 [info] fatal: not a git repository (or any of the parent directories): .git
2024-08-01 16:23:45.058 [info] > git rev-parse --show-toplevel [1ms]
2024-08-01 16:23:45.058 [info] fatal: not a git repository (or any of the parent directories): .git
2024-08-01 16:23:45.067 [info] > git rev-parse --show-toplevel [4ms]
2024-08-01 16:23:45.067 [info] fatal: not a git repository (or any of the parent directories): .git
2024-08-01 16:23:45.075 [info] > git rev-parse --show-toplevel [2ms]
2024-08-01 16:23:45.075 [info] fatal: not a git repository (or any of the parent directories): .git
2024-08-01 16:23:45.085 [info] > git rev-parse --show-toplevel [4ms]
2024-08-01 16:23:45.085 [info] fatal: not a git repository (or any of the parent directories): .git
2024-08-01 16:23:45.093 [info] > git rev-parse --show-toplevel [1ms]
2024-08-01 16:23:45.093 [info] fatal: not a git repository (or any of the parent directories): .git
2024-08-01 16:23:45.102 [info] > git rev-parse --show-toplevel [2ms]
2024-08-01 16:23:45.102 [info] fatal: not a git repository (or any of the parent directories): .git
2024-08-01 16:23:46.140 [info] > git rev-parse --show-toplevel [1ms]
2024-08-01 16:23:46.140 [info] fatal: not a git repository (or any of the parent directories): .git
