2024-07-11 01:01:11.719 [info] Reading sessions from keychain...
2024-07-11 01:01:11.719 [info] Getting sessions for all scopes...
2024-07-11 01:01:11.719 [info] Got 0 sessions for ...
2024-07-11 01:01:11.719 [info] Getting sessions for read:user,repo,user:email,workflow...
2024-07-11 01:01:11.719 [info] Got 0 sessions for read:user,repo,user:email,workflow...
2024-07-11 01:01:13.748 [info] Logging in for the following scopes: read:user repo user:email workflow
2024-07-11 01:01:13.795 [info] Trying device code flow... (read:user repo user:email workflow)
2024-07-11 01:01:52.995 [info] Getting user info...
2024-07-11 01:01:53.499 [info] Got account info!
2024-07-11 01:01:53.500 [info] Storing 1 sessions...
2024-07-11 01:02:00.280 [info] Reading sessions from keychain...
2024-07-11 01:02:00.280 [info] Stored 1 sessions!
2024-07-11 01:02:00.280 [info] Login success!
2024-07-11 01:02:00.289 [info] Got stored sessions!
2024-07-11 01:02:00.290 [info] Got 1 verified sessions.
2024-07-11 01:02:06.390 [info] Getting sessions for read:user,repo,user:email,workflow...
2024-07-11 01:02:06.390 [info] Got 1 sessions for read:user,repo,user:email,workflow...
2024-07-11 01:03:56.151 [info] Getting sessions for read:user,repo,user:email,workflow...
2024-07-11 01:03:56.151 [info] Got 1 sessions for read:user,repo,user:email,workflow...
2024-07-11 01:06:14.394 [info] Getting sessions for read:user,repo,user:email,workflow...
2024-07-11 01:06:14.394 [info] Got 1 sessions for read:user,repo,user:email,workflow...
