2024-07-11 00:14:46.247 [info] Added views:workbench.panel.markers.view in workbench.panel.markers
2024-07-11 00:14:46.247 [info] Added views:workbench.panel.output in workbench.panel.output
2024-07-11 00:14:46.247 [info] Added views:terminal in terminal
2024-07-11 00:14:46.247 [info] Added views:outline in workbench.view.explorer
2024-07-11 00:14:46.247 [info] Added views:workbench.scm in workbench.view.scm
2024-07-11 00:14:46.247 [info] Added views:workbench.view.search in workbench.view.search
2024-07-11 00:14:46.247 [info] Added views:timeline in workbench.view.explorer
2024-07-11 00:14:46.247 [info] Added views:workbench.explorer.emptyView in workbench.view.explorer
2024-07-11 00:14:46.653 [info] Added views:workbench.debug.variablesView,workbench.debug.watchExpressionsView,workbench.debug.callStackView,workbench.debug.breakPointsView in workbench.view.debug
2024-07-11 00:14:46.778 [info] Added views:workbench.panel.repl.view in workbench.panel.repl
2024-07-11 00:14:46.779 [info] Removed views:workbench.debug.breakPointsView,workbench.debug.callStackView,workbench.debug.watchExpressionsView,workbench.debug.variablesView from workbench.view.debug
2024-07-11 00:14:46.780 [info] Added views:workbench.debug.welcome in workbench.view.debug
2024-07-11 00:14:46.816 [info] Added views:~remote.forwardedPorts in ~remote.forwardedPortsContainer
2024-07-11 00:16:38.659 [info] Added views:workbench.panel.markers.view in workbench.panel.markers
2024-07-11 00:16:38.659 [info] Added views:workbench.panel.output in workbench.panel.output
2024-07-11 00:16:38.659 [info] Added views:terminal in terminal
2024-07-11 00:16:38.659 [info] Added views:outline in workbench.view.explorer
2024-07-11 00:16:38.659 [info] Added views:workbench.scm in workbench.view.scm
2024-07-11 00:16:38.659 [info] Added views:workbench.view.search in workbench.view.search
2024-07-11 00:16:38.659 [info] Added views:timeline in workbench.view.explorer
2024-07-11 00:16:38.659 [info] Added views:workbench.explorer.fileView in workbench.view.explorer
2024-07-11 00:16:38.987 [info] Added views:workbench.debug.variablesView,workbench.debug.watchExpressionsView,workbench.debug.callStackView,workbench.debug.breakPointsView in workbench.view.debug
2024-07-11 00:16:38.998 [info] Added views:~remote.forwardedPorts in ~remote.forwardedPortsContainer
2024-07-11 00:16:39.175 [info] Added views:workbench.panel.repl.view in workbench.panel.repl
2024-07-11 00:16:39.177 [info] Removed views:workbench.debug.breakPointsView,workbench.debug.callStackView,workbench.debug.watchExpressionsView,workbench.debug.variablesView from workbench.view.debug
2024-07-11 00:16:39.178 [info] Added views:workbench.debug.welcome in workbench.view.debug
2024-07-11 00:21:19.403 [info] Added views:workbench.views.extensions.installed,workbench.views.extensions.popular,extensions.recommendedList in workbench.view.extensions
2024-07-11 00:21:19.412 [info] Removed views:workbench.views.extensions.popular from workbench.view.extensions
2024-07-11 00:21:19.671 [info] Added views:workbench.views.extensions.popular in workbench.view.extensions
2024-07-11 00:21:21.308 [info] Removed views:extensions.recommendedList,workbench.views.extensions.popular,workbench.views.extensions.installed from workbench.view.extensions
2024-07-11 00:21:21.322 [info] Added views:workbench.views.extensions.marketplace in workbench.view.extensions
2024-07-11 07:13:18.970 [info] Added views:workbench.panel.markers.view in workbench.panel.markers
2024-07-11 07:13:18.970 [info] Added views:workbench.panel.output in workbench.panel.output
2024-07-11 07:13:18.970 [info] Added views:terminal in terminal
2024-07-11 07:13:18.970 [info] Added views:outline in workbench.view.explorer
2024-07-11 07:13:18.970 [info] Added views:workbench.scm in workbench.view.scm
2024-07-11 07:13:18.970 [info] Added views:workbench.view.search in workbench.view.search
2024-07-11 07:13:18.970 [info] Added views:timeline in workbench.view.explorer
2024-07-11 07:13:18.970 [info] Added views:workbench.explorer.fileView in workbench.view.explorer
2024-07-11 07:13:19.393 [info] Added views:workbench.debug.variablesView,workbench.debug.watchExpressionsView,workbench.debug.callStackView,workbench.debug.breakPointsView in workbench.view.debug
2024-07-11 07:13:19.553 [info] Added views:workbench.panel.repl.view in workbench.panel.repl
2024-07-11 07:13:19.556 [info] Removed views:workbench.debug.breakPointsView,workbench.debug.callStackView,workbench.debug.watchExpressionsView,workbench.debug.variablesView from workbench.view.debug
2024-07-11 07:13:19.557 [info] Added views:workbench.debug.welcome in workbench.view.debug
2024-07-11 07:13:19.574 [info] Added views:~remote.forwardedPorts in ~remote.forwardedPortsContainer
